<?xml version="1.0" encoding="UTF-8"?>
<testng-results skipped="0" failed="0" ignored="0" total="1" passed="1">
  <reporter-output>
  </reporter-output>
  <suite name="Default suite" duration-ms="18018" started-at="2020-06-11T23:58:28 ICT" finished-at="2020-06-11T23:58:46 ICT">
    <groups>
    </groups>
    <test name="Default test" duration-ms="18018" started-at="2020-06-11T23:58:28 ICT" finished-at="2020-06-11T23:58:46 ICT">
      <class name="com.hth.ecommerce.DisabledFields">
        <test-method status="PASS" signature="setUp()[pri:0, instance:com.hth.ecommerce.DisabledFields@4e7dc304]" name="setUp" is-config="true" duration-ms="14730" started-at="2020-06-11T23:58:28 ICT" finished-at="2020-06-11T23:58:42 ICT">
          <reporter-output>
          </reporter-output>
        </test-method> <!-- setUp -->
        <test-method status="PASS" signature="verifyDisabledFields()[pri:0, instance:com.hth.ecommerce.DisabledFields@4e7dc304]" name="verifyDisabledFields" duration-ms="2178" started-at="2020-06-11T23:58:42 ICT" finished-at="2020-06-11T23:58:44 ICT">
          <reporter-output>
          </reporter-output>
        </test-method> <!-- verifyDisabledFields -->
        <test-method status="PASS" signature="tearDown()[pri:0, instance:com.hth.ecommerce.DisabledFields@4e7dc304]" name="tearDown" is-config="true" duration-ms="1060" started-at="2020-06-11T23:58:44 ICT" finished-at="2020-06-11T23:58:46 ICT">
          <reporter-output>
          </reporter-output>
        </test-method> <!-- tearDown -->
      </class> <!-- com.hth.ecommerce.DisabledFields -->
    </test> <!-- Default test -->
  </suite> <!-- Default suite -->
</testng-results>
